21:46:16 [INFO] src.manager — Création scraper : PotomitanScraper
21:46:16 [INFO] lang_matinitje — Démarrage du scraping — source : potomitan
21:46:16 [INFO] src.manager — Démarrage : PotomitanScraper
21:46:16 [INFO] src.scrapers.potomitan_scraper — Scraping section : contes → https://www.potomitan.info/atelier/contes/
21:47:16 [INFO] src.observers — [potomitan] FETCH https://www.potomitan.info/atelier/contes/ → 200
21:48:17 [INFO] src.observers — [potomitan] FETCH https://www.potomitan.info/atelier/contes/conte_creole70.php → 200
21:49:17 [INFO] src.observers — [potomitan] FETCH https://www.potomitan.info/atelier/contes/conte_creole150.php → 200
21:50:18 [INFO] src.observers — [potomitan] FETCH https://www.potomitan.info/atelier/contes/conte_creole175.php → 200
21:51:19 [INFO] src.observers — [potomitan] FETCH https://www.potomitan.info/atelier/contes/conte_creole139.php → 200
21:52:19 [INFO] src.observers — [potomitan] FETCH https://www.potomitan.info/atelier/contes/conte_creole158.php → 200
21:53:20 [INFO] src.observers — [potomitan] FETCH https://www.potomitan.info/atelier/contes/conte_creole51.php → 200
21:54:20 [INFO] src.observers — [potomitan] FETCH https://www.potomitan.info/atelier/contes/conte_creole72.php → 200
21:55:21 [INFO] src.observers — [potomitan] FETCH https://www.potomitan.info/atelier/contes/conte_creole79.php → 200
21:56:21 [INFO] src.observers — [potomitan] FETCH https://www.potomitan.info/atelier/contes/conte_creole97.php → 200
21:57:22 [INFO] src.observers — [potomitan] FETCH https://www.potomitan.info/atelier/contes/conte_creole46.php → 200
21:58:23 [INFO] src.observers — [potomitan] FETCH https://www.potomitan.info/atelier/contes/conte_creole31.php → 200
21:59:23 [INFO] src.observers — [potomitan] FETCH https://www.potomitan.info/atelier/contes/conte_creole159.php → 200
22:00:24 [INFO] src.observers — [potomitan] FETCH https://www.potomitan.info/atelier/contes/conte_creole171.php → 200
22:01:24 [INFO] src.observers — [potomitan] FETCH https://www.potomitan.info/atelier/contes/conte_creole75.php → 200
22:02:25 [INFO] src.observers — [potomitan] FETCH https://www.potomitan.info/atelier/contes/conte_creole88.php → 200
22:03:25 [INFO] src.observers — [potomitan] FETCH https://www.potomitan.info/atelier/contes/conte_creole57.php → 200
22:04:26 [INFO] src.observers — [potomitan] FETCH https://www.potomitan.info/atelier/contes/conte_creole60.php → 200
22:05:27 [INFO] src.observers — [potomitan] FETCH https://www.potomitan.info/atelier/contes/conte_creole47.php → 200
22:06:27 [INFO] src.observers — [potomitan] FETCH https://www.potomitan.info/atelier/contes/conte_creole66.php → 200
22:07:28 [INFO] src.observers — [potomitan] FETCH https://www.potomitan.info/atelier/contes/conte_creole82.php → 200
22:08:28 [INFO] src.observers — [potomitan] FETCH https://www.potomitan.info/atelier/contes/conte_creole76.php → 200
22:09:29 [INFO] src.observers — [potomitan] FETCH https://www.potomitan.info/atelier/contes/conte_creole71.php → 200
22:10:30 [INFO] src.observers — [potomitan] FETCH https://www.potomitan.info/atelier/contes/conte_creole92.php → 200
22:11:30 [INFO] src.observers — [potomitan] FETCH https://www.potomitan.info/atelier/contes/conte_creole93.php → 200
22:12:31 [INFO] src.observers — [potomitan] FETCH https://www.potomitan.info/atelier/contes/conte_creole91.php → 200
22:13:31 [INFO] src.observers — [potomitan] FETCH https://www.potomitan.info/atelier/contes/conte_creole69.php → 200
22:14:32 [INFO] src.observers — [potomitan] FETCH https://www.potomitan.info/atelier/contes/conte_creole77.php → 200
22:15:32 [INFO] src.observers — [potomitan] FETCH https://www.potomitan.info/atelier/contes/conte_creole117.php → 200
22:16:33 [INFO] src.observers — [potomitan] FETCH https://www.potomitan.info/atelier/contes/conte_creole141.php → 200
22:17:33 [INFO] src.observers — [potomitan] FETCH https://www.potomitan.info/atelier/contes/conte_creole9.php → 200
22:18:34 [INFO] src.observers — [potomitan] FETCH https://www.potomitan.info/atelier/contes/conte_creole90.php → 200
22:19:34 [INFO] src.observers — [potomitan] FETCH https://www.potomitan.info/atelier/contes/conte_creole73.php → 200
22:20:35 [INFO] src.observers — [potomitan] FETCH https://www.potomitan.info/atelier/contes/conte_creole146.php → 200
22:21:36 [INFO] src.observers — [potomitan] FETCH https://www.potomitan.info/atelier/contes/conte_creole167.php → 200
22:22:36 [INFO] src.observers — [potomitan] FETCH https://www.potomitan.info/atelier/contes/conte_creole37.php → 200
22:23:37 [INFO] src.observers — [potomitan] FETCH https://www.potomitan.info/atelier/contes/conte_creole33.php → 200
22:24:38 [INFO] src.observers — [potomitan] FETCH https://www.potomitan.info/atelier/contes/conte_creole86.php → 200
22:25:38 [INFO] src.observers — [potomitan] FETCH https://www.potomitan.info/atelier/contes/conte_creole65.php → 200
22:26:39 [INFO] src.observers — [potomitan] FETCH https://www.potomitan.info/atelier/contes/conte_creole145.php → 200
22:27:39 [INFO] src.observers — [potomitan] FETCH https://www.potomitan.info/atelier/contes/conte_creole155.php → 200
22:28:40 [INFO] src.observers — [potomitan] FETCH https://www.potomitan.info/atelier/contes/conte_creole80.php → 200
22:29:40 [INFO] src.observers — [potomitan] FETCH https://www.potomitan.info/atelier/contes/conte_creole52.php → 200
22:30:41 [INFO] src.observers — [potomitan] FETCH https://www.potomitan.info/atelier/contes/conte_creole100.php → 200
22:31:41 [INFO] src.observers — [potomitan] FETCH https://www.potomitan.info/atelier/contes/conte_creole140.php → 200
22:32:42 [INFO] src.observers — [potomitan] FETCH https://www.potomitan.info/atelier/contes/conte_creole102.php → 200
22:33:42 [INFO] src.observers — [potomitan] FETCH https://www.potomitan.info/atelier/contes/conte_creole45.php → 200
22:34:43 [INFO] src.observers — [potomitan] FETCH https://www.potomitan.info/atelier/contes/conte_creole30.php → 200
22:35:44 [INFO] src.observers — [potomitan] FETCH https://www.potomitan.info/atelier/contes/conte_creole95.php → 200
22:36:44 [INFO] src.observers — [potomitan] FETCH https://www.potomitan.info/atelier/contes/conte_creole38.php → 200
22:37:45 [INFO] src.observers — [potomitan] FETCH https://www.potomitan.info/atelier/contes/conte_creole124.php → 200
22:38:45 [INFO] src.observers — [potomitan] FETCH https://www.potomitan.info/atelier/contes/conte_creole130.php → 200
22:39:46 [INFO] src.observers — [potomitan] FETCH https://www.potomitan.info/atelier/contes/conte_creole62.php → 200
22:40:46 [INFO] src.observers — [potomitan] FETCH https://www.potomitan.info/atelier/contes/conte_creole164.php → 200
22:41:47 [INFO] src.observers — [potomitan] FETCH https://www.potomitan.info/atelier/contes/conte_creole160.php → 200
22:42:47 [INFO] src.observers — [potomitan] FETCH https://www.potomitan.info/atelier/contes/conte_creole53.php → 200
22:43:48 [INFO] src.observers — [potomitan] FETCH https://www.potomitan.info/atelier/contes/conte_creole134.php → 200
22:44:48 [INFO] src.observers — [potomitan] FETCH https://www.potomitan.info/atelier/contes/conte_creole84.php → 200
22:45:49 [INFO] src.observers — [potomitan] FETCH https://www.potomitan.info/atelier/contes/conte_creole129.php → 200
22:46:50 [INFO] src.observers — [potomitan] FETCH https://www.potomitan.info/atelier/contes/conte_creole109.php → 200
22:47:50 [INFO] src.observers — [potomitan] FETCH https://www.potomitan.info/atelier/contes/conte_creole120.php → 200
22:48:51 [INFO] src.observers — [potomitan] FETCH https://www.potomitan.info/atelier/contes/conte_creole104.php → 200
22:49:51 [INFO] src.observers — [potomitan] FETCH https://www.potomitan.info/atelier/contes/conte_creole103.php → 200
22:50:52 [INFO] src.observers — [potomitan] FETCH https://www.potomitan.info/atelier/contes/conte_creole87.php → 200
22:51:52 [INFO] src.observers — [potomitan] FETCH https://www.potomitan.info/atelier/contes/conte_creole116.php → 200
22:52:53 [INFO] src.observers — [potomitan] FETCH https://www.potomitan.info/atelier/contes/conte_creole137.php → 200
22:53:53 [INFO] src.observers — [potomitan] FETCH https://www.potomitan.info/atelier/contes/conte_creole131.php → 200
22:54:54 [INFO] src.observers — [potomitan] FETCH https://www.potomitan.info/atelier/contes/conte_creole142.php → 200
22:55:55 [INFO] src.observers — [potomitan] FETCH https://www.potomitan.info/atelier/contes/conte_creole63.php → 200
22:56:55 [INFO] src.observers — [potomitan] FETCH https://www.potomitan.info/atelier/contes/conte_creole6.php → 200
22:57:56 [INFO] src.observers — [potomitan] FETCH https://www.potomitan.info/atelier/contes/conte_creole106.php → 200
22:58:56 [INFO] src.observers — [potomitan] FETCH https://www.potomitan.info/atelier/contes/conte_creole64.php → 200
22:59:57 [INFO] src.observers — [potomitan] FETCH https://www.potomitan.info/atelier/contes/conte_creole119.php → 200
23:00:57 [INFO] src.observers — [potomitan] FETCH https://www.potomitan.info/atelier/contes/conte_creole96.php → 200
23:01:58 [INFO] src.observers — [potomitan] FETCH https://www.potomitan.info/atelier/contes/conte_creole115.php → 200
23:02:58 [INFO] src.observers — [potomitan] FETCH https://www.potomitan.info/atelier/contes/conte_creole108.php → 200
23:03:59 [INFO] src.observers — [potomitan] FETCH https://www.potomitan.info/atelier/contes/conte_creole105.php → 200
23:04:59 [INFO] src.observers — [potomitan] FETCH https://www.potomitan.info/atelier/contes/conte_creole169.php → 200
23:06:00 [INFO] src.observers — [potomitan] FETCH https://www.potomitan.info/atelier/contes/conte_creole168.php → 200
23:07:01 [INFO] src.observers — [potomitan] FETCH https://www.potomitan.info/atelier/contes/conte_creole110.php → 200
23:08:01 [INFO] src.observers — [potomitan] FETCH https://www.potomitan.info/atelier/contes/conte_creole144.php → 200
23:09:02 [INFO] src.observers — [potomitan] FETCH https://www.potomitan.info/atelier/contes/conte_creole138.php → 200
23:10:02 [INFO] src.observers — [potomitan] FETCH https://www.potomitan.info/atelier/contes/conte_creole121.php → 200
23:11:03 [INFO] src.observers — [potomitan] FETCH https://www.potomitan.info/atelier/contes/conte_creole127.php → 200
23:12:03 [INFO] src.observers — [potomitan] FETCH https://www.potomitan.info/atelier/contes/conte_creole126.php → 200
23:13:04 [INFO] src.observers — [potomitan] FETCH https://www.potomitan.info/atelier/contes/conte_creole112.php → 200
23:14:04 [INFO] src.observers — [potomitan] FETCH https://www.potomitan.info/atelier/contes/conte_creole132.php → 200
23:15:05 [INFO] src.observers — [potomitan] FETCH https://www.potomitan.info/atelier/contes/conte_creole107.php → 200
23:16:06 [INFO] src.observers — [potomitan] FETCH https://www.potomitan.info/atelier/contes/conte_creole125.php → 200
23:17:06 [INFO] src.observers — [potomitan] FETCH https://www.potomitan.info/atelier/contes/conte_creole133.php → 200
23:18:07 [INFO] src.observers — [potomitan] FETCH https://www.potomitan.info/atelier/contes/conte_creole118.php → 200
23:19:07 [INFO] src.observers — [potomitan] FETCH https://www.potomitan.info/atelier/contes/conte_creole128.php → 200
23:20:08 [INFO] src.observers — [potomitan] FETCH https://www.potomitan.info/atelier/contes/conte_creole122.php → 200
23:21:08 [INFO] src.observers — [potomitan] FETCH https://www.potomitan.info/atelier/contes/conte_creole113.php → 200
23:22:09 [INFO] src.observers — [potomitan] FETCH https://www.potomitan.info/atelier/contes/conte_creole136.php → 200
23:23:09 [INFO] src.observers — [potomitan] FETCH https://www.potomitan.info/atelier/contes/conte_creole55.php → 200
23:24:10 [INFO] src.observers — [potomitan] FETCH https://www.potomitan.info/atelier/contes/conte_creole135.php → 200
23:25:10 [INFO] src.observers — [potomitan] FETCH https://www.potomitan.info/atelier/contes/conte_creole123.php → 200
23:26:11 [INFO] src.observers — [potomitan] FETCH https://www.potomitan.info/atelier/contes/conte_creole114.php → 200
23:27:11 [INFO] src.observers — [potomitan] FETCH https://www.potomitan.info/atelier/contes/conte_creole85.php → 200
23:28:12 [INFO] src.observers — [potomitan] FETCH https://www.potomitan.info/atelier/contes/conte_creole111.php → 200
23:29:13 [INFO] src.observers — [potomitan] FETCH https://www.potomitan.info/atelier/contes/conte_creole59.php → 200
23:30:13 [INFO] src.observers — [potomitan] FETCH https://www.potomitan.info/atelier/contes/conte_creole35.php → 200
23:31:14 [INFO] src.observers — [potomitan] FETCH https://www.potomitan.info/atelier/contes/conte_creole177.php → 200
23:32:14 [INFO] src.observers — [potomitan] FETCH https://www.potomitan.info/atelier/contes/conte_creole36.php → 200
23:33:15 [INFO] src.observers — [potomitan] FETCH https://www.potomitan.info/atelier/contes/conte_creole012.php → 200
23:34:15 [INFO] src.observers — [potomitan] FETCH https://www.potomitan.info/atelier/contes/conte_creole74.php → 200
23:35:16 [INFO] src.observers — [potomitan] FETCH https://www.potomitan.info/atelier/contes/conte_creole67.php → 200
23:36:16 [INFO] src.observers — [potomitan] FETCH https://www.potomitan.info/atelier/contes/conte_creole94.php → 200
23:37:17 [INFO] src.observers — [potomitan] FETCH https://www.potomitan.info/atelier/contes/conte_creole2.php → 200
23:38:18 [INFO] src.observers — [potomitan] FETCH https://www.potomitan.info/atelier/contes/conte_creole26.php → 200
23:39:18 [INFO] src.observers — [potomitan] FETCH https://www.potomitan.info/atelier/contes/conte_creole44.php → 200
23:40:19 [INFO] src.observers — [potomitan] FETCH https://www.potomitan.info/atelier/contes/conte_creole147.php → 200
23:41:19 [INFO] src.observers — [potomitan] FETCH https://www.potomitan.info/atelier/contes/conte_creole68.php → 200
23:42:20 [INFO] src.observers — [potomitan] FETCH https://www.potomitan.info/atelier/contes/conte_creole34.php → 200
23:43:20 [INFO] src.observers — [potomitan] FETCH https://www.potomitan.info/atelier/contes/conte_creole99.php → 200
23:44:21 [INFO] src.observers — [potomitan] FETCH https://www.potomitan.info/atelier/contes/conte_creole58.php → 200
23:45:21 [INFO] src.observers — [potomitan] FETCH https://www.potomitan.info/atelier/contes/conte_creole1.php → 200
23:46:22 [INFO] src.observers — [potomitan] FETCH https://www.potomitan.info/atelier/contes/conte_creole157.php → 200
23:47:22 [INFO] src.observers — [potomitan] FETCH https://www.potomitan.info/atelier/contes/conte_creole151.php → 200
23:48:23 [INFO] src.observers — [potomitan] FETCH https://www.potomitan.info/atelier/contes/conte_creole154.php → 200
23:49:23 [INFO] src.observers — [potomitan] FETCH https://www.potomitan.info/atelier/contes/conte_creole152.php → 200
23:50:24 [INFO] src.observers — [potomitan] FETCH https://www.potomitan.info/atelier/contes/conte_creole61.php → 200
23:51:24 [INFO] src.observers — [potomitan] FETCH https://www.potomitan.info/atelier/contes/conte_creole10.php → 200
23:52:25 [INFO] src.observers — [potomitan] FETCH https://www.potomitan.info/atelier/contes/conte_creole28.php → 200
23:53:25 [INFO] src.observers — [potomitan] FETCH https://www.potomitan.info/atelier/contes/conte_creole173.php → 200
23:54:26 [INFO] src.observers — [potomitan] FETCH https://www.potomitan.info/atelier/contes/conte_creole170.php → 200
23:55:27 [INFO] src.observers — [potomitan] FETCH https://www.potomitan.info/atelier/contes/conte_creole174.php → 200
23:56:27 [INFO] src.observers — [potomitan] FETCH https://www.potomitan.info/atelier/contes/conte_creole153.php → 200
23:57:28 [INFO] src.observers — [potomitan] FETCH https://www.potomitan.info/atelier/contes/conte_creole172.php → 200
23:58:28 [INFO] src.observers — [potomitan] FETCH https://www.potomitan.info/atelier/contes/conte_creole156.php → 200
23:59:29 [INFO] src.observers — [potomitan] FETCH https://www.potomitan.info/atelier/contes/conte_creole81.php → 200
00:00:29 [INFO] src.observers — [potomitan] FETCH https://www.potomitan.info/atelier/contes/conte_creole50.php → 200
00:01:30 [INFO] src.observers — [potomitan] FETCH https://www.potomitan.info/atelier/contes/conte_creole49.php → 200
00:02:31 [INFO] src.observers — [potomitan] FETCH https://www.potomitan.info/atelier/contes/conte_creole176.php → 200
00:03:31 [INFO] src.observers — [potomitan] FETCH https://www.potomitan.info/atelier/contes/conte_creole40.php → 200
00:04:32 [INFO] src.observers — [potomitan] FETCH https://www.potomitan.info/atelier/contes/conte_creole41.php → 200
00:05:32 [INFO] src.observers — [potomitan] FETCH https://www.potomitan.info/atelier/contes/conte_creole42.php → 200
00:06:33 [INFO] src.observers — [potomitan] FETCH https://www.potomitan.info/atelier/contes/conte_creole43.php → 200
00:07:33 [INFO] src.observers — [potomitan] FETCH https://www.potomitan.info/atelier/contes/conte_creole56.php → 200
00:08:34 [INFO] src.observers — [potomitan] FETCH https://www.potomitan.info/atelier/contes/conte_creole54.php → 200
00:09:35 [INFO] src.observers — [potomitan] FETCH https://www.potomitan.info/atelier/contes/conte_creole89.php → 200
00:10:35 [INFO] src.observers — [potomitan] FETCH https://www.potomitan.info/atelier/contes/conte_creole29.php → 200
00:11:36 [INFO] src.observers — [potomitan] FETCH https://www.potomitan.info/atelier/contes/conte_creole98.php → 200
00:12:36 [INFO] src.observers — [potomitan] FETCH https://www.potomitan.info/atelier/contes/conte_creole83.php → 200
00:13:37 [INFO] src.observers — [potomitan] FETCH https://www.potomitan.info/atelier/contes/conte_creole166.php → 200
00:14:37 [INFO] src.observers — [potomitan] FETCH https://www.potomitan.info/atelier/contes/conte_creole78.php → 200
00:15:38 [INFO] src.observers — [potomitan] FETCH https://www.potomitan.info/atelier/contes/conte_creole32.php → 200
00:16:38 [INFO] src.observers — [potomitan] FETCH https://www.potomitan.info/atelier/contes/conte_creole39.php → 200
00:17:39 [INFO] src.observers — [potomitan] FETCH https://www.potomitan.info/atelier/contes/conte_creole101.php → 200
00:18:39 [INFO] src.observers — [potomitan] FETCH https://www.potomitan.info/atelier/contes/conte_creole148.php → 200
00:19:40 [INFO] src.observers — [potomitan] FETCH https://www.potomitan.info/atelier/contes/conte_creole165.php → 200
00:20:40 [INFO] src.observers — [potomitan] FETCH https://www.potomitan.info/atelier/contes/conte_creole162.php → 200
00:21:41 [INFO] src.observers — [potomitan] FETCH https://www.potomitan.info/atelier/contes/conte_creole161.php → 200
00:22:41 [INFO] src.observers — [potomitan] FETCH https://www.potomitan.info/atelier/contes/conte_creole163.php → 200
00:23:42 [INFO] src.observers — [potomitan] FETCH https://www.potomitan.info/atelier/contes/conte_creole48.php → 200
00:23:42 [INFO] src.observers — [potomitan] PARSE — 155 item(s) extraits
00:23:42 [INFO] src.scrapers.potomitan_scraper — Section contes → 155 items
00:23:42 [INFO] src.scrapers.potomitan_scraper — Scraping section : poemes → https://www.potomitan.info/poemes/index.php
00:24:43 [INFO] src.observers — [potomitan] FETCH https://www.potomitan.info/poemes/index.php → 200
00:25:43 [INFO] src.observers — [potomitan] FETCH https://www.potomitan.info/poemes/manman_2008.php → 200
00:26:44 [INFO] src.observers — [potomitan] FETCH https://www.potomitan.info/poemes/grif.php → 200
00:27:44 [INFO] src.observers — [potomitan] FETCH https://www.potomitan.info/poemes/3voix.php → 200
00:28:45 [INFO] src.observers — [potomitan] FETCH https://www.potomitan.info/poemes/kole.php → 200
00:29:45 [INFO] src.observers — [potomitan] FETCH https://www.potomitan.info/poemes/bolonm.php → 200
00:30:46 [INFO] src.observers — [potomitan] FETCH https://www.potomitan.info/poemes/begue.php → 200
00:31:46 [INFO] src.observers — [potomitan] FETCH https://www.potomitan.info/poemes/bernabe1.php → 200
00:32:47 [INFO] src.observers — [potomitan] FETCH https://www.potomitan.info/poemes/bernabe3.php → 200
00:33:48 [INFO] src.observers — [potomitan] FETCH https://www.potomitan.info/poemes/bernabe2.php → 200
00:34:48 [INFO] src.observers — [potomitan] FETCH https://www.potomitan.info/poemes/boudet2.php → 200
00:35:49 [INFO] src.observers — [potomitan] FETCH https://www.potomitan.info/poemes/boudet3.php → 200
00:36:49 [INFO] src.observers — [potomitan] FETCH https://www.potomitan.info/poemes/boudet1.php → 200
00:37:50 [INFO] src.observers — [potomitan] FETCH https://www.potomitan.info/poemes/buffon.php → 200
00:38:50 [INFO] src.observers — [potomitan] FETCH https://www.potomitan.info/poemes/citee_anna/lanmou.php → 200
00:39:51 [INFO] src.observers — [potomitan] FETCH https://www.potomitan.info/poemes/citee_anna/li.php → 200
00:40:51 [INFO] src.observers — [potomitan] FETCH https://www.potomitan.info/poemes/diakok.php → 200
00:41:52 [INFO] src.observers — [potomitan] FETCH https://www.potomitan.info/poemes/florentiny_anne.php → 200
00:42:53 [INFO] src.observers — [potomitan] FETCH https://www.potomitan.info/poemes/enfant_monde.php → 200
00:43:53 [INFO] src.observers — [potomitan] FETCH https://www.potomitan.info/poemes/ode.php → 200
00:44:54 [INFO] src.observers — [potomitan] FETCH https://www.potomitan.info/poemes/letang1.php → 200
00:45:54 [INFO] src.observers — [potomitan] FETCH https://www.potomitan.info/poemes/tony.php → 200
00:46:55 [INFO] src.observers — [potomitan] FETCH https://www.potomitan.info/poemes/martin1.php → 200
00:47:55 [INFO] src.observers — [potomitan] FETCH https://www.potomitan.info/poemes/martin2.php → 200
00:48:56 [INFO] src.observers — [potomitan] FETCH https://www.potomitan.info/poemes/morand_florette.php → 200
00:49:56 [INFO] src.observers — [potomitan] FETCH https://www.potomitan.info/poemes/haitien.php → 200
00:50:57 [INFO] src.observers — [potomitan] FETCH https://www.potomitan.info/poemes/mo.php → 200
00:51:57 [INFO] src.observers — [potomitan] FETCH https://www.potomitan.info/poemes/rupaire_sonny.php → 200
00:52:58 [INFO] src.observers — [potomitan] FETCH https://www.potomitan.info/poemes/crazass.php → 200
00:52:58 [INFO] src.observers — [potomitan] PARSE — 28 item(s) extraits
00:52:58 [INFO] src.scrapers.potomitan_scraper — Section poemes → 28 items
00:52:58 [INFO] src.observers — [potomitan] TERMINÉ — 183 item(s) total en 11202.1s
00:52:58 [INFO] src.manager — PotomitanScraper → 183 entrées collectées
00:52:58 [INFO] src.base_scraper — Sauvegardé : data/raw/potomitan_raw.json (183 entrées)
00:52:59 [INFO] src.base_scraper — Sauvegardé : data/raw/potomitan_raw.csv (183 entrées)
00:52:59 [INFO] src.pipeline — Pipeline clean : 183 → 183 entrées
00:52:59 [INFO] lang_matinitje — Données nettoyées → data/processed/potomitan_processed.json
00:52:59 [INFO] src.pipeline — Import BDD : 183 entrées insérées
00:52:59 [INFO] lang_matinitje — Import PostgreSQL : 183 entrées insérées
00:52:59 [INFO] lang_matinitje — Terminé — fetches: 185 | erreurs: 0 | items: 183 | durée: 11142.9s
